<beans xmlns="http://www.springframework.org/schema/beans"
       xmlns:xsi="http://www.w3.org/2001/XMLSchema-instance"
       xmlns:p="http://www.springframework.org/schema/p"
       xmlns:context="http://www.springframework.org/schema/context"
       xmlns:mvc="http://www.springframework.org/schema/mvc"
       xmlns:aop="http://www.springframework.org/schema/aop"
       xsi:schemaLocation="http://www.springframework.org/schema/beans
       http://www.springframework.org/schema/beans/spring-beans.xsd
       http://www.springframework.org/schema/context
       http://www.springframework.org/schema/context/spring-context.xsd
       http://www.springframework.org/schema/mvc
       http://www.springframework.org/schema/mvc/spring-mvc.xsd
       http://www.springframework.org/schema/aop http://www.springframework.org/schema/aop/spring-aop.xsd">

    <mvc:annotation-driven/>
    <aop:aspectj-autoproxy proxy-target-class="true" />

    <!-- 开启controller注解支持 -->
    <!-- 注意事项请参考：http://jinnianshilongnian.iteye.com/blog/1762632 -->
    <!--<context:component-scan base-package="org.seckill.controller"/>-->
    <context:component-scan base-package="org.seckill.controller" use-default-filters="true">
        <context:include-filter type="annotation"
                                expression="org.springframework.stereotype.Controller"/>
        <context:include-filter type="annotation"
                                expression="org.springframework.web.bind.annotation.ControllerAdvice"/>
    </context:component-scan>


    <mvc:annotation-driven>
        <mvc:argument-resolvers>
            <bean class="org.seckill.util.CurrentUserMethodArgumentResolver"/>
        </mvc:argument-resolvers>
    </mvc:annotation-driven>

    <!-- 当在web.xml 中 DispatcherServlet使用 <url-pattern>/</url-pattern> 映射时，能映射静态资源 -->
    <mvc:default-servlet-handler/>

    <!-- 静态资源映射 -->
    <mvc:resources mapping="/static/**" location="/resources/static/"/>


    <!-- 默认的视图解析器 在上边的解析错误时使用 (默认使用html)- -->
    <bean id="defaultViewResolver" class="org.springframework.web.servlet.view.InternalResourceViewResolver"
          p:order="1">
        <property name="viewClass" value="org.springframework.web.servlet.view.JstlView"/>
        <property name="contentType" value="text/html"/>
        <property name="prefix" value="/WEB-INF/jsp/"/>
        <property name="suffix" value=".jsp"/>
    </bean>

    <!-- 文件上传相关 -->
    <!-- SpringMVC上传文件时，需要配置MultipartResolver处理器 -->
    <bean id="multipartResolver" class="org.springframework.web.multipart.commons.CommonsMultipartResolver">
        <property name="defaultEncoding" value="utf-8" />
        <!-- 指定所上传文件的总大小不能超过10485760000B。注意maxUploadSize属性的限制不是针对单个文件，而是所有文件的容量之和 -->
        <property name="maxUploadSize" value="10485760000" />
        <property name="maxInMemorySize" value="40960" />
    </bean>

    <!-- 控制器异常处理 -->
    <bean id="exceptionHandlerExceptionResolver" class="org.springframework.web.servlet.mvc.method.annotation.ExceptionHandlerExceptionResolver">
    </bean>

    <bean class="org.seckill.util.DefaultExceptionHandler"/>

    <import resource="spring-mvc-shiro.xml"/>

</beans>
