<?xml version="1.0" encoding="UTF-8"?>
<beans xmlns="http://www.springframework.org/schema/beans"
       xmlns:xsi="http://www.w3.org/2001/XMLSchema-instance"
       xmlns:aop="http://www.springframework.org/schema/aop"
       xmlns:tx="http://www.springframework.org/schema/tx"
       xmlns:mvc="http://www.springframework.org/schema/mvc"
       xmlns:context="http://www.springframework.org/schema/context"
       xsi:schemaLocation="
          http://www.springframework.org/schema/beans http://www.springframework.org/schema/beans/spring-beans.xsd
          http://www.springframework.org/schema/aop http://www.springframework.org/schema/aop/spring-aop.xsd
          http://www.springframework.org/schema/tx http://www.springframework.org/schema/tx/spring-tx.xsd
          http://www.springframework.org/schema/mvc
          http://www.springframework.org/schema/mvc/spring-mvc-4.0.xsd
          http://www.springframework.org/schema/context http://www.springframework.org/schema/context/spring-context.xsd">

    <aop:aspectj-autoproxy proxy-target-class="true" />
    <!-- 扫描注解Bean -->
    <context:component-scan base-package="org.seckill">
        <context:exclude-filter type="annotation" expression="org.springframework.stereotype.Controller"/>
    </context:component-scan>

    <!-- 国际化的消息资源文件（本系统中主要用于显示/错误消息定制） -->
    <bean id="messageSource" class="org.springframework.context.support.ReloadableResourceBundleMessageSource">
        <property name="basenames" value="classpath:messages"/>
        <property name="useCodeAsDefaultMessage" value="false"/>
        <property name="defaultEncoding" value="UTF-8"/>
        <property name="cacheSeconds" value="60"/>
    </bean>


    <!-- 开启AOP监听 只对当前配置文件有效 -->
    <!--<aop:aspectj-autoproxy expose-proxy="true"/>-->

    <!--事务管理器配置-->
    <!--<bean id="transactionManager" class="org.springframework.jdbc.datasource.DataSourceTransactionManager">-->
        <!--<property name="dataSource" ref="dataSource"/>-->
    <!--</bean>-->

    <!--<tx:advice id="txAdvice" transaction-manager="transactionManager">-->
        <!--<tx:attributes>-->
            <!--<tx:method name="*" propagation="REQUIRED"/>-->
        <!--</tx:attributes>-->
    <!--</tx:advice>-->

    <!--<aop:config expose-proxy="true" proxy-target-class="true">-->
        <!--&lt;!&ndash; 只对业务逻辑层实施事务 &ndash;&gt;-->
        <!--<aop:pointcut id="txPointcut" expression="execution(* com.github.zhangkaitao.shiro.chapter16..service..*+.*(..))"/>-->
        <!--<aop:advisor id="txAdvisor" advice-ref="txAdvice" pointcut-ref="txPointcut"/>-->
    <!--</aop:config>-->


    <!-- 数据源 -->
    <import resource="classpath:spring/spring-dao.xml"/>

    <bean class="org.seckill.spring.SpringUtils"/>

    <import resource="classpath:spring/test-spring-config-cache.xml"/>
    <import resource="classpath:spring/test-spring-config-shiro.xml"/>
</beans>