<?xml version="1.0" encoding="UTF-8"?>
<beans xmlns="http://www.springframework.org/schema/beans"
       xmlns:xsi="http://www.w3.org/2001/XMLSchema-instance"
       xmlns:rabbit="http://www.springframework.org/schema/rabbit"
       xsi:schemaLocation="http://www.springframework.org/schema/beans
    http://www.springframework.org/schema/beans/spring-beans-3.0.xsd
    http://www.springframework.org/schema/rabbit
    http://www.springframework.org/schema/rabbit/spring-rabbit-1.0.xsd" >
    <description>rabbitmq 连接服务配置</description>

    <!-- 连接配置 -->
    <!--属性配置在dao.xml中实现了，这里不能重复配置，所以注释掉-->
    <!--<context:property-placeholder location="classpath:rabbitmq.properties" />-->
    <rabbit:connection-factory id="connectionFactory" host="${mq.host}" username="${mq.username}" password="${mq.password}" port="${mq.port}"/>
    <rabbit:admin connection-factory="connectionFactory"/>
    <!-- spring template声明-->
    <rabbit:template exchange="amqpExchange" id="amqpTemplate"  connection-factory="connectionFactory" />

    <!--声明queue-->
    <rabbit:queue id="test_queue_key" name="test_queue_key" durable="true" auto-delete="false" exclusive="false" />
    <!--声明exchange交换机并绑定queue-->
    <rabbit:direct-exchange name="amqpExchange" durable="true" auto-delete="false" id="amqpExchange">
        <rabbit:bindings>
            <rabbit:binding queue="test_queue_key" key="test_queue_key"/>
        </rabbit:bindings>
    </rabbit:direct-exchange>

    <!--consumer配置监听-->
    <bean id="receiver" class="org.seckill.rabbitmq.receiver.Receiver" />
    <rabbit:listener-container connection-factory="connectionFactory" acknowledge="auto">
        <rabbit:listener queues="test_queue_key" ref="receiver" method="receiveMessage"/>
    </rabbit:listener-container>
</beans>